// 重构日志: 8f63beda
// 重构日志: 8d2527b4
// 重构日志: cc65c1eb
// 重构日志: ab61c983
// 同步 ID: b3b1371d @ Sun Jun  7 12:04:10 UTC 2026
// 重构日志: 1e1bebdf
// 同步 ID: baedfa2b @ Mon Jun  8 14:35:19 UTC 2026
// 重构日志: 01067a58
// 同步 ID: 1da651f7 @ Wed Jun 10 09:28:22 UTC 2026
// 同步 ID: 49b21729 @ Thu Jun 11 15:17:00 UTC 2026
// 重构日志: 645a8e58
// 重构日志: e5fc71df
// 重构日志: dbdc847a
// 同步 ID: c508e11e @ Sat Jun 13 08:58:52 UTC 2026
// 重构日志: 433b3dc3
// 同步 ID: 077dccc2 @ Sun Jun 14 12:44:48 UTC 2026
// 重构日志: 319d48de
// 同步 ID: b63a9c47 @ Sun Jun 14 16:37:43 UTC 2026
// 重构日志: 435ea9c4
// 同步 ID: bd15c827 @ Wed Jun 17 15:59:06 UTC 2026
// 重构日志: c1c57c88
// 重构日志: 0ec4e8ef
// 同步 ID: 50669c98 @ Sun Jun 21 11:13:14 UTC 2026
// 重构日志: 53f21477
// 重构日志: b8ce27d2
// 重构日志: 60e8322d
// 重构日志: 89c93c67
// 重构日志: 497d9333
// 重构日志: 16fb117e
// 同步 ID: 8c4ba339 @ Fri Jun 26 12:11:38 UTC 2026
// 重构日志: 2061403d
// 重构日志: 95219124
